<?xml version="1.0" encoding="UTF-8"?>
<!-- Generated by org.testng.reporters.JUnitXMLReporter -->
<testsuite hostname="LIN51007546" ignored="2" name="Regression Test" tests="3" failures="1" timestamp="08 Nov 2020 03:50:01 GMT" time="37.368" errors="0">
  <testcase name="@BeforeClass isSkip" time="0.001" classname="com.companyName.ProjectName.TestCases.TC02_VerfityAlreadyRegisterUser">
    <skipped/>
  </testcase> <!-- @BeforeClass isSkip -->
  <testcase name="@BeforeClass isSkip" time="0.001" classname="com.companyName.ProjectName.TestCases.TC03_CreateNewAndVerifyExistingUser">
    <skipped/>
  </testcase> <!-- @BeforeClass isSkip -->
  <testcase name="creatAnAccountNewCustomer" time="35.267" classname="com.companyName.ProjectName.TestCases.TC01_CreatAnAccountNewCustomer">
    <failure type="java.lang.AssertionError" message="Issue while selecting value from dropdown:-Cannot locate option with value: May
For documentation on this error, please visit: http://seleniumhq.org/exceptions/no_such_element.html
Build info: version: &amp;apos;3.141.5&amp;apos;, revision: &amp;apos;d54ebd709a&amp;apos;, time: &amp;apos;2018-11-06T11:42:16&amp;apos;
System info: host: &amp;apos;LIN51007546&amp;apos;, ip: &amp;apos;192.168.56.1&amp;apos;, os.name: &amp;apos;Windows 10&amp;apos;, os.arch: &amp;apos;amd64&amp;apos;, os.version: &amp;apos;10.0&amp;apos;, java.version: &amp;apos;1.8.0_231&amp;apos;
Driver info: driver.version: unknown">
      <![CDATA[java.lang.AssertionError: Issue while selecting value from dropdown:-Cannot locate option with value: May
For documentation on this error, please visit: http://seleniumhq.org/exceptions/no_such_element.html
Build info: version: '3.141.5', revision: 'd54ebd709a', time: '2018-11-06T11:42:16'
System info: host: 'LIN51007546', ip: '192.168.56.1', os.name: 'Windows 10', os.arch: 'amd64', os.version: '10.0', java.version: '1.8.0_231'
Driver info: driver.version: unknown
	at com.companyName.ProjectName.utilities.CommonMethods.selectByValue(CommonMethods.java:96)
	at com.companyName.ProjectName.pages.PersonalInfomation.enterPersonalInformation(PersonalInfomation.java:26)
	at com.companyName.ProjectName.TestCases.TC01_CreatAnAccountNewCustomer.creatAnAccountNewCustomer(TC01_CreatAnAccountNewCustomer.java:27)
... Removed 26 stack frames]]>
    </failure>
  </testcase> <!-- creatAnAccountNewCustomer -->
  <testcase name="verfityAlreadyRegisterUser" time="0.0" classname="com.companyName.ProjectName.TestCases.TC02_VerfityAlreadyRegisterUser">
    <skipped/>
  </testcase> <!-- verfityAlreadyRegisterUser -->
  <testcase name="createNewAndVerifyExistingUser" time="0.0" classname="com.companyName.ProjectName.TestCases.TC03_CreateNewAndVerifyExistingUser">
    <skipped/>
  </testcase> <!-- createNewAndVerifyExistingUser -->
  <testcase name="@BeforeSuite init" time="0.0" classname="com.companyName.ProjectName.TestBase.TestBase">
    <ignored/>
  </testcase> <!-- @BeforeSuite init -->
  <testcase name="@BeforeSuite init" time="0.0" classname="com.companyName.ProjectName.TestBase.TestBase">
    <ignored/>
  </testcase> <!-- @BeforeSuite init -->
</testsuite> <!-- Regression Test -->
