<?xml version="1.0" encoding="UTF-8"?>
<!-- Generated by org.testng.reporters.JUnitXMLReporter -->
<testsuite hostname="LIN51007546" ignored="2" name="Test" tests="3" failures="1" timestamp="23 Oct 2020 07:27:29 GMT" time="47.478" errors="0">
  <testcase name="@BeforeClass isSkip" time="0.0" classname="com.companyName.ProjectName.TestCases.Login_Test_New2">
    <skipped/>
  </testcase> <!-- @BeforeClass isSkip -->
  <testcase name="login_Test3" time="23.466" classname="com.companyName.ProjectName.TestCases.Login_Test_New"/>
  <testcase name="login_Test_New2" time="0.0" classname="com.companyName.ProjectName.TestCases.Login_Test_New2">
    <skipped/>
  </testcase> <!-- login_Test_New2 -->
  <testcase name="login_Test3" time="22.015" classname="com.companyName.ProjectName.TestCases.Login_Test_New3">
    <failure type="java.lang.IllegalArgumentException" message="Cannot find elements when the XPath is null.">
      <![CDATA[java.lang.IllegalArgumentException: Cannot find elements when the XPath is null.
	at org.openqa.selenium.By$ByXPath.<init>(By.java:339)
	at org.openqa.selenium.By.xpath(By.java:92)
	at com.companyName.ProjectName.TestCases.Login_Test_New3.login_Test3(Login_Test_New3.java:58)
... Removed 25 stack frames]]>
    </failure>
  </testcase> <!-- login_Test3 -->
  <testcase name="@BeforeSuite init" time="0.0" classname="com.companyName.ProjectName.TestBase.TestBaseNew">
    <ignored/>
  </testcase> <!-- @BeforeSuite init -->
  <testcase name="@BeforeSuite init" time="0.0" classname="com.companyName.ProjectName.TestBase.TestBaseNew">
    <ignored/>
  </testcase> <!-- @BeforeSuite init -->
</testsuite> <!-- Test -->
