<?xml version="1.0" encoding="UTF-8"?>
<testng-results skipped="0" failed="1" ignored="2" total="5" passed="2">
  <reporter-output>
  </reporter-output>
  <suite name="Regression Testing" duration-ms="81944" started-at="2020-12-06T04:20:15Z" finished-at="2020-12-06T04:21:37Z">
    <groups>
    </groups>
    <test name="Regression Test" duration-ms="81944" started-at="2020-12-06T04:20:15Z" finished-at="2020-12-06T04:21:37Z">
      <class name="com.companyName.ProjectName.TestCases.TC02_VerfityAlreadyRegisterUser">
        <test-method status="PASS" signature="isSkip()[pri:0, instance:com.companyName.ProjectName.TestCases.TC02_VerfityAlreadyRegisterUser@1ae2fd0]" name="isSkip" is-config="true" duration-ms="0" started-at="2020-12-06T04:21:01Z" finished-at="2020-12-06T04:21:01Z">
          <reporter-output>
          </reporter-output>
        </test-method> <!-- isSkip -->
        <test-method status="PASS" signature="verfityAlreadyRegisterUser(java.util.Hashtable)[pri:0, instance:com.companyName.ProjectName.TestCases.TC02_VerfityAlreadyRegisterUser@1ae2fd0]" name="verfityAlreadyRegisterUser" duration-ms="15740" started-at="2020-12-06T04:21:01Z" data-provider="Data_Collections" finished-at="2020-12-06T04:21:17Z">
          <params>
            <param index="0">
              <value>
                <![CDATA[{Name=Swati, Page_Title=My Store, Contact_No=23131324, Email_ID=loginTest12345@test.com, Password=abcd123, Address=Noida}]]>
              </value>
            </param>
          </params>
          <reporter-output>
          </reporter-output>
        </test-method> <!-- verfityAlreadyRegisterUser -->
      </class> <!-- com.companyName.ProjectName.TestCases.TC02_VerfityAlreadyRegisterUser -->
      <class name="com.companyName.ProjectName.TestCases.TC01_CreatAnAccountNewCustomer">
        <test-method status="PASS" signature="init()[pri:0, instance:com.companyName.ProjectName.TestCases.TC01_CreatAnAccountNewCustomer@128854b]" name="init" is-config="true" duration-ms="403" started-at="2020-12-06T04:20:14Z" finished-at="2020-12-06T04:20:15Z">
          <reporter-output>
          </reporter-output>
        </test-method> <!-- init -->
        <test-method status="PASS" signature="isSkip()[pri:0, instance:com.companyName.ProjectName.TestCases.TC01_CreatAnAccountNewCustomer@128854b]" name="isSkip" is-config="true" duration-ms="1" started-at="2020-12-06T04:20:15Z" finished-at="2020-12-06T04:20:15Z">
          <reporter-output>
          </reporter-output>
        </test-method> <!-- isSkip -->
        <test-method status="FAIL" signature="creatAnAccountNewCustomer(java.util.Hashtable)[pri:0, instance:com.companyName.ProjectName.TestCases.TC01_CreatAnAccountNewCustomer@128854b]" name="creatAnAccountNewCustomer" duration-ms="44361" started-at="2020-12-06T04:20:15Z" data-provider="Data_Collections" finished-at="2020-12-06T04:20:59Z">
          <params>
            <param index="0">
              <value>
                <![CDATA[{Year=1990, Contact_No=23131324, Month=May, Name=Ruchita, Address=Pune, Email_ID=loginTest12346@test.com, Password=dadad@dad21, LastName=XYZ, Day=5, FirstName=Ruchita, Page_Title=My Store}]]>
              </value>
            </param>
          </params>
          <exception class="java.lang.AssertionError">
            <message>
              <![CDATA[Issue while selecting value from dropdown:-Cannot locate option with value: May
For documentation on this error, please visit: http://seleniumhq.org/exceptions/no_such_element.html
Build info: version: '3.141.5', revision: 'd54ebd709a', time: '2018-11-06T11:42:16'
System info: host: 'LIN51007546', ip: '192.168.56.1', os.name: 'Windows 10', os.arch: 'x86', os.version: '10.0', java.version: '1.8.0_161'
Driver info: driver.version: unknown]]>
            </message>
            <full-stacktrace>
              <![CDATA[java.lang.AssertionError: Issue while selecting value from dropdown:-Cannot locate option with value: May
For documentation on this error, please visit: http://seleniumhq.org/exceptions/no_such_element.html
Build info: version: '3.141.5', revision: 'd54ebd709a', time: '2018-11-06T11:42:16'
System info: host: 'LIN51007546', ip: '192.168.56.1', os.name: 'Windows 10', os.arch: 'x86', os.version: '10.0', java.version: '1.8.0_161'
Driver info: driver.version: unknown
at org.testng.Assert.fail(Assert.java:96)
at com.companyName.ProjectName.utilities.CommonMethods.selectByValue(CommonMethods.java:96)
at com.companyName.ProjectName.pages.PersonalInfomation.enterPersonalInformation(PersonalInfomation.java:26)
at com.companyName.ProjectName.TestCases.TC01_CreatAnAccountNewCustomer.creatAnAccountNewCustomer(TC01_CreatAnAccountNewCustomer.java:27)
at sun.reflect.NativeMethodAccessorImpl.invoke0(Native Method)
at sun.reflect.NativeMethodAccessorImpl.invoke(NativeMethodAccessorImpl.java:62)
at sun.reflect.DelegatingMethodAccessorImpl.invoke(DelegatingMethodAccessorImpl.java:43)
at java.lang.reflect.Method.invoke(Method.java:498)
at org.testng.internal.MethodInvocationHelper.invokeMethod(MethodInvocationHelper.java:124)
at org.testng.internal.Invoker.invokeMethod(Invoker.java:583)
at org.testng.internal.Invoker.invokeTestMethod(Invoker.java:719)
at org.testng.internal.Invoker.invokeTestMethods(Invoker.java:989)
at org.testng.internal.TestMethodWorker.invokeTestMethods(TestMethodWorker.java:125)
at org.testng.internal.TestMethodWorker.run(TestMethodWorker.java:109)
at org.testng.TestRunner.privateRun(TestRunner.java:648)
at org.testng.TestRunner.run(TestRunner.java:505)
at org.testng.SuiteRunner.runTest(SuiteRunner.java:455)
at org.testng.SuiteRunner.runSequentially(SuiteRunner.java:450)
at org.testng.SuiteRunner.privateRun(SuiteRunner.java:415)
at org.testng.SuiteRunner.run(SuiteRunner.java:364)
at org.testng.SuiteRunnerWorker.runSuite(SuiteRunnerWorker.java:52)
at org.testng.SuiteRunnerWorker.run(SuiteRunnerWorker.java:84)
at org.testng.TestNG.runSuitesSequentially(TestNG.java:1208)
at org.testng.TestNG.runSuitesLocally(TestNG.java:1137)
at org.testng.TestNG.runSuites(TestNG.java:1049)
at org.testng.TestNG.run(TestNG.java:1017)
at org.apache.maven.surefire.testng.TestNGExecutor.run(TestNGExecutor.java:295)
at org.apache.maven.surefire.testng.TestNGXmlTestSuite.execute(TestNGXmlTestSuite.java:84)
at org.apache.maven.surefire.testng.TestNGProvider.invoke(TestNGProvider.java:90)
at org.apache.maven.surefire.booter.ForkedBooter.invokeProviderInSameClassLoader(ForkedBooter.java:203)
at org.apache.maven.surefire.booter.ForkedBooter.runSuitesInProcess(ForkedBooter.java:155)
at org.apache.maven.surefire.booter.ForkedBooter.main(ForkedBooter.java:103)
]]>
            </full-stacktrace>
          </exception> <!-- java.lang.AssertionError -->
          <reporter-output>
          </reporter-output>
        </test-method> <!-- creatAnAccountNewCustomer -->
      </class> <!-- com.companyName.ProjectName.TestCases.TC01_CreatAnAccountNewCustomer -->
      <class name="com.companyName.ProjectName.TestCases.TC03_CreateNewAndVerifyExistingUser">
        <test-method status="PASS" signature="isSkip()[pri:0, instance:com.companyName.ProjectName.TestCases.TC03_CreateNewAndVerifyExistingUser@1176cc1]" name="isSkip" is-config="true" duration-ms="1" started-at="2020-12-06T04:21:18Z" finished-at="2020-12-06T04:21:18Z">
          <reporter-output>
          </reporter-output>
        </test-method> <!-- isSkip -->
        <test-method status="PASS" signature="createNewAndVerifyExistingUser(java.util.Hashtable)[pri:0, instance:com.companyName.ProjectName.TestCases.TC03_CreateNewAndVerifyExistingUser@1176cc1]" name="createNewAndVerifyExistingUser" duration-ms="17487" started-at="2020-12-06T04:21:18Z" data-provider="Data_Collections" finished-at="2020-12-06T04:21:36Z">
          <params>
            <param index="0">
              <value>
                <![CDATA[{Name=Vivek, Page_Title=My Store, Contact_No=23131324, Email_ID=loginTest12346@test.com, Address=Mumbai}]]>
              </value>
            </param>
          </params>
          <reporter-output>
          </reporter-output>
        </test-method> <!-- createNewAndVerifyExistingUser -->
      </class> <!-- com.companyName.ProjectName.TestCases.TC03_CreateNewAndVerifyExistingUser -->
    </test> <!-- Regression Test -->
  </suite> <!-- Regression Testing -->
</testng-results>
