<!DOCTYPE html PUBLIC "-//W3C//DTD XHTML 1.1//EN" "http://www.w3.org/TR/xhtml11/DTD/xhtml11.dtd">
<html xmlns="http://www.w3.org/1999/xhtml"><head><title>TestNG Report</title><style type="text/css">table {margin-bottom:10px;border-collapse:collapse;empty-cells:show}th,td {border:1px solid #009;padding:.25em .5em}th {vertical-align:bottom}td {vertical-align:top}table a {font-weight:bold}.stripe td {background-color: #E6EBF9}.num {text-align:right}.passedodd td {background-color: #3F3}.passedeven td {background-color: #0A0}.skippedodd td {background-color: #DDD}.skippedeven td {background-color: #CCC}.failedodd td,.attn {background-color: #F33}.failedeven td,.stripe .attn {background-color: #D00}.stacktrace {white-space:pre;font-family:monospace}.totop {font-size:85%;text-align:center;border-bottom:2px solid #000}</style></head><body><table><tr><th>Test</th><th># Passed</th><th># Skipped</th><th># Failed</th><th>Time (ms)</th><th>Included Groups</th><th>Excluded Groups</th></tr><tr><th colspan="7">Regression Testing</th></tr><tr><td><a href="#t0">Regression Test</a></td><td class="num">0</td><td class="num attn">2</td><td class="num attn">1</td><td class="num">37,368</td><td></td><td></td></tr></table><table id='summary'><thead><tr><th>Class</th><th>Method</th><th>Start</th><th>Time (ms)</th></tr></thead><tbody><tr><th colspan="4">Regression Testing</th></tr></tbody><tbody id="t0"><tr><th colspan="4">Regression Test &#8212; failed</th></tr><tr class="failedeven"><td rowspan="1">com.companyName.ProjectName.TestCases.TC01_CreatAnAccountNewCustomer</td><td><a href="#m0">creatAnAccountNewCustomer</a></td><td rowspan="1">1604807363731</td><td rowspan="1">35267</td></tr><tr><th colspan="4">Regression Test &#8212; skipped (configuration methods)</th></tr><tr class="skippedeven"><td rowspan="1">com.companyName.ProjectName.TestCases.TC02_VerfityAlreadyRegisterUser</td><td><a href="#m1">isSkip</a></td><td rowspan="1">1604807401042</td><td rowspan="1">1</td></tr><tr class="skippedodd"><td rowspan="1">com.companyName.ProjectName.TestCases.TC03_CreateNewAndVerifyExistingUser</td><td><a href="#m2">isSkip</a></td><td rowspan="1">1604807401053</td><td rowspan="1">1</td></tr><tr><th colspan="4">Regression Test &#8212; skipped</th></tr><tr class="skippedeven"><td rowspan="1">com.companyName.ProjectName.TestCases.TC02_VerfityAlreadyRegisterUser</td><td><a href="#m3">verfityAlreadyRegisterUser</a></td><td rowspan="1">1604807401048</td><td rowspan="1">0</td></tr><tr class="skippedodd"><td rowspan="1">com.companyName.ProjectName.TestCases.TC03_CreateNewAndVerifyExistingUser</td><td><a href="#m4">createNewAndVerifyExistingUser</a></td><td rowspan="1">1604807401059</td><td rowspan="1">0</td></tr></tbody></table><h2>Regression Test</h2><h3 id="m0">com.companyName.ProjectName.TestCases.TC01_CreatAnAccountNewCustomer#creatAnAccountNewCustomer</h3><table class="result"><tr class="param"><th>Parameter #1</th></tr><tr class="param stripe"><td>{Year=1990, Contact_No=23131324, Month=May, Name=Ruchita, Address=Pune, Email_ID=loginTest12346@test.com, Password=dadad@dad21, LastName=XYZ, Day=5, FirstName=Ruchita, Page_Title=My Store}</td></tr><tr><th>Exception</th></tr><tr><td><div class="stacktrace">java.lang.AssertionError: Issue while selecting value from dropdown:-Cannot locate option with value: May
For documentation on this error, please visit: http://seleniumhq.org/exceptions/no_such_element.html
Build info: version: &apos;3.141.5&apos;, revision: &apos;d54ebd709a&apos;, time: &apos;2018-11-06T11:42:16&apos;
System info: host: &apos;LIN51007546&apos;, ip: &apos;192.168.56.1&apos;, os.name: &apos;Windows 10&apos;, os.arch: &apos;amd64&apos;, os.version: &apos;10.0&apos;, java.version: &apos;1.8.0_231&apos;
Driver info: driver.version: unknown
	at com.companyName.ProjectName.utilities.CommonMethods.selectByValue(CommonMethods.java:96)
	at com.companyName.ProjectName.pages.PersonalInfomation.enterPersonalInformation(PersonalInfomation.java:26)
	at com.companyName.ProjectName.TestCases.TC01_CreatAnAccountNewCustomer.creatAnAccountNewCustomer(TC01_CreatAnAccountNewCustomer.java:27)
... Removed 26 stack frames</div></td></tr></table><p class="totop"><a href="#summary">back to summary</a></p><h3 id="m1">com.companyName.ProjectName.TestCases.TC02_VerfityAlreadyRegisterUser#isSkip</h3><table class="result"><tr><th>Exception</th></tr><tr><td><div class="stacktrace">org.testng.SkipException: Skipping Test case as it&apos;s Run Mode is set to N
	at com.companyName.ProjectName.TestCases.TC02_VerfityAlreadyRegisterUser.isSkip(TC02_VerfityAlreadyRegisterUser.java:19)
... Removed 25 stack frames</div></td></tr></table><p class="totop"><a href="#summary">back to summary</a></p><h3 id="m2">com.companyName.ProjectName.TestCases.TC03_CreateNewAndVerifyExistingUser#isSkip</h3><table class="result"><tr><th>Exception</th></tr><tr><td><div class="stacktrace">org.testng.SkipException: Skipping Test case as it&apos;s Run Mode is set to N
	at com.companyName.ProjectName.TestCases.TC03_CreateNewAndVerifyExistingUser.isSkip(TC03_CreateNewAndVerifyExistingUser.java:19)
... Removed 25 stack frames</div></td></tr></table><p class="totop"><a href="#summary">back to summary</a></p><h3 id="m3">com.companyName.ProjectName.TestCases.TC02_VerfityAlreadyRegisterUser#verfityAlreadyRegisterUser</h3><table class="result"><tr><th>Exception</th></tr><tr><td><div class="stacktrace">org.testng.SkipException: Skipping Test case as it&apos;s Run Mode is set to N
	at com.companyName.ProjectName.TestCases.TC02_VerfityAlreadyRegisterUser.isSkip(TC02_VerfityAlreadyRegisterUser.java:19)
... Removed 25 stack frames</div></td></tr></table><p class="totop"><a href="#summary">back to summary</a></p><h3 id="m4">com.companyName.ProjectName.TestCases.TC03_CreateNewAndVerifyExistingUser#createNewAndVerifyExistingUser</h3><table class="result"><tr><th>Exception</th></tr><tr><td><div class="stacktrace">org.testng.SkipException: Skipping Test case as it&apos;s Run Mode is set to N
	at com.companyName.ProjectName.TestCases.TC03_CreateNewAndVerifyExistingUser.isSkip(TC03_CreateNewAndVerifyExistingUser.java:19)
... Removed 25 stack frames</div></td></tr></table><p class="totop"><a href="#summary">back to summary</a></p></body></html>