<?xml version="1.0" encoding="UTF-8"?>
<testng-results skipped="1" failed="1" ignored="2" total="5" passed="1">
  <reporter-output>
  </reporter-output>
  <suite name="Regression Testing" duration-ms="41956" started-at="2020-10-31T05:37:32Z" finished-at="2020-10-31T05:38:14Z">
    <groups>
    </groups>
    <test name="Regression Test" duration-ms="41956" started-at="2020-10-31T05:37:32Z" finished-at="2020-10-31T05:38:14Z">
      <class name="com.companyName.ProjectName.TestCases.Login_Test3">
        <test-method status="PASS" signature="isSkip()[pri:0, instance:com.companyName.ProjectName.TestCases.Login_Test3@3427b02d]" name="isSkip" is-config="true" duration-ms="0" started-at="2020-10-31T11:07:53Z" finished-at="2020-10-31T11:07:53Z">
          <reporter-output>
          </reporter-output>
        </test-method> <!-- isSkip -->
        <test-method status="FAIL" signature="login_Test3(java.util.Hashtable)[pri:0, instance:com.companyName.ProjectName.TestCases.Login_Test3@3427b02d]" name="login_Test3" duration-ms="20205" started-at="2020-10-31T11:07:53Z" data-provider="Data_Collections" finished-at="2020-10-31T11:08:13Z">
          <params>
            <param index="0">
              <value>
                <![CDATA[{Name=Vivek, Page_Title=My Store, Contact_No=23131324, Email_ID=loginTest12346@test.com, Address=Mumbai}]]>
              </value>
            </param>
          </params>
          <exception class="java.lang.IllegalArgumentException">
            <message>
              <![CDATA[Cannot find elements when the XPath is null.]]>
            </message>
            <full-stacktrace>
              <![CDATA[java.lang.IllegalArgumentException: Cannot find elements when the XPath is null.
	at org.openqa.selenium.By$ByXPath.<init>(By.java:339)
	at org.openqa.selenium.By.xpath(By.java:92)
	at com.companyName.ProjectName.TestCases.Login_Test3.login_Test3(Login_Test3.java:58)
	at sun.reflect.NativeMethodAccessorImpl.invoke0(Native Method)
	at sun.reflect.NativeMethodAccessorImpl.invoke(NativeMethodAccessorImpl.java:62)
	at sun.reflect.DelegatingMethodAccessorImpl.invoke(DelegatingMethodAccessorImpl.java:43)
	at java.lang.reflect.Method.invoke(Method.java:498)
	at org.testng.internal.MethodInvocationHelper.invokeMethod(MethodInvocationHelper.java:108)
	at org.testng.internal.Invoker.invokeMethod(Invoker.java:661)
	at org.testng.internal.Invoker.invokeTestMethod(Invoker.java:869)
	at org.testng.internal.Invoker.invokeTestMethods(Invoker.java:1193)
	at org.testng.internal.TestMethodWorker.invokeTestMethods(TestMethodWorker.java:126)
	at org.testng.internal.TestMethodWorker.run(TestMethodWorker.java:109)
	at org.testng.TestRunner.privateRun(TestRunner.java:744)
	at org.testng.TestRunner.run(TestRunner.java:602)
	at org.testng.SuiteRunner.runTest(SuiteRunner.java:380)
	at org.testng.SuiteRunner.runSequentially(SuiteRunner.java:375)
	at org.testng.SuiteRunner.privateRun(SuiteRunner.java:340)
	at org.testng.SuiteRunner.run(SuiteRunner.java:289)
	at org.testng.SuiteRunnerWorker.runSuite(SuiteRunnerWorker.java:52)
	at org.testng.SuiteRunnerWorker.run(SuiteRunnerWorker.java:86)
	at org.testng.TestNG.runSuitesSequentially(TestNG.java:1301)
	at org.testng.TestNG.runSuitesLocally(TestNG.java:1226)
	at org.testng.TestNG.runSuites(TestNG.java:1144)
	at org.testng.TestNG.run(TestNG.java:1115)
	at org.testng.remote.AbstractRemoteTestNG.run(AbstractRemoteTestNG.java:132)
	at org.testng.remote.RemoteTestNG.initAndRun(RemoteTestNG.java:230)
	at org.testng.remote.RemoteTestNG.main(RemoteTestNG.java:76)
]]>
            </full-stacktrace>
          </exception> <!-- java.lang.IllegalArgumentException -->
          <reporter-output>
          </reporter-output>
        </test-method> <!-- login_Test3 -->
      </class> <!-- com.companyName.ProjectName.TestCases.Login_Test3 -->
      <class name="com.companyName.ProjectName.TestCases.TC01_CreatAnAccountNewCustomer">
        <test-method status="PASS" signature="init()[pri:0, instance:com.companyName.ProjectName.TestCases.TC01_CreatAnAccountNewCustomer@7ed7259e]" name="init" is-config="true" duration-ms="124" started-at="2020-10-31T11:07:32Z" finished-at="2020-10-31T11:07:32Z">
          <reporter-output>
          </reporter-output>
        </test-method> <!-- init -->
        <test-method status="PASS" signature="isSkip()[pri:0, instance:com.companyName.ProjectName.TestCases.TC01_CreatAnAccountNewCustomer@7ed7259e]" name="isSkip" is-config="true" duration-ms="3" started-at="2020-10-31T11:07:33Z" finished-at="2020-10-31T11:07:33Z">
          <reporter-output>
          </reporter-output>
        </test-method> <!-- isSkip -->
        <test-method status="PASS" signature="creatAnAccountNewCustomer(java.util.Hashtable)[pri:0, instance:com.companyName.ProjectName.TestCases.TC01_CreatAnAccountNewCustomer@7ed7259e]" name="creatAnAccountNewCustomer" duration-ms="19051" started-at="2020-10-31T11:07:33Z" data-provider="Data_Collections" finished-at="2020-10-31T11:07:52Z">
          <params>
            <param index="0">
              <value>
                <![CDATA[{Name=Ruchita, Page_Title=My Store, Contact_No=23131324, Email_ID=loginTest12346@test.com, Address=Pune}]]>
              </value>
            </param>
          </params>
          <reporter-output>
          </reporter-output>
        </test-method> <!-- creatAnAccountNewCustomer -->
      </class> <!-- com.companyName.ProjectName.TestCases.TC01_CreatAnAccountNewCustomer -->
      <class name="com.companyName.ProjectName.TestCases.Login_Test2">
        <test-method status="SKIP" signature="isSkip()[pri:0, instance:com.companyName.ProjectName.TestCases.Login_Test2@28eaa59a]" name="isSkip" is-config="true" duration-ms="1" started-at="2020-10-31T11:07:53Z" finished-at="2020-10-31T11:07:53Z">
          <exception class="org.testng.SkipException">
            <message>
              <![CDATA[Skipping Test case as it's Run Mode is set to N]]>
            </message>
            <full-stacktrace>
              <![CDATA[org.testng.SkipException: Skipping Test case as it's Run Mode is set to N
	at com.companyName.ProjectName.TestCases.Login_Test2.isSkip(Login_Test2.java:22)
	at sun.reflect.NativeMethodAccessorImpl.invoke0(Native Method)
	at sun.reflect.NativeMethodAccessorImpl.invoke(NativeMethodAccessorImpl.java:62)
	at sun.reflect.DelegatingMethodAccessorImpl.invoke(DelegatingMethodAccessorImpl.java:43)
	at java.lang.reflect.Method.invoke(Method.java:498)
	at org.testng.internal.MethodInvocationHelper.invokeMethod(MethodInvocationHelper.java:108)
	at org.testng.internal.Invoker.invokeConfigurationMethod(Invoker.java:523)
	at org.testng.internal.Invoker.invokeConfigurations(Invoker.java:224)
	at org.testng.internal.Invoker.invokeConfigurations(Invoker.java:146)
	at org.testng.internal.TestMethodWorker.invokeBeforeClassMethods(TestMethodWorker.java:166)
	at org.testng.internal.TestMethodWorker.run(TestMethodWorker.java:105)
	at org.testng.TestRunner.privateRun(TestRunner.java:744)
	at org.testng.TestRunner.run(TestRunner.java:602)
	at org.testng.SuiteRunner.runTest(SuiteRunner.java:380)
	at org.testng.SuiteRunner.runSequentially(SuiteRunner.java:375)
	at org.testng.SuiteRunner.privateRun(SuiteRunner.java:340)
	at org.testng.SuiteRunner.run(SuiteRunner.java:289)
	at org.testng.SuiteRunnerWorker.runSuite(SuiteRunnerWorker.java:52)
	at org.testng.SuiteRunnerWorker.run(SuiteRunnerWorker.java:86)
	at org.testng.TestNG.runSuitesSequentially(TestNG.java:1301)
	at org.testng.TestNG.runSuitesLocally(TestNG.java:1226)
	at org.testng.TestNG.runSuites(TestNG.java:1144)
	at org.testng.TestNG.run(TestNG.java:1115)
	at org.testng.remote.AbstractRemoteTestNG.run(AbstractRemoteTestNG.java:132)
	at org.testng.remote.RemoteTestNG.initAndRun(RemoteTestNG.java:230)
	at org.testng.remote.RemoteTestNG.main(RemoteTestNG.java:76)
]]>
            </full-stacktrace>
          </exception> <!-- org.testng.SkipException -->
          <reporter-output>
          </reporter-output>
        </test-method> <!-- isSkip -->
        <test-method status="SKIP" signature="login_Test2(java.util.Hashtable)[pri:0, instance:com.companyName.ProjectName.TestCases.Login_Test2@28eaa59a]" name="login_Test2" duration-ms="1" started-at="2020-10-31T11:07:53Z" data-provider="Data_Collections" finished-at="2020-10-31T11:07:53Z">
          <exception class="org.testng.SkipException">
            <message>
              <![CDATA[Skipping Test case as it's Run Mode is set to N]]>
            </message>
            <full-stacktrace>
              <![CDATA[org.testng.SkipException: Skipping Test case as it's Run Mode is set to N
	at com.companyName.ProjectName.TestCases.Login_Test2.isSkip(Login_Test2.java:22)
	at sun.reflect.NativeMethodAccessorImpl.invoke0(Native Method)
	at sun.reflect.NativeMethodAccessorImpl.invoke(NativeMethodAccessorImpl.java:62)
	at sun.reflect.DelegatingMethodAccessorImpl.invoke(DelegatingMethodAccessorImpl.java:43)
	at java.lang.reflect.Method.invoke(Method.java:498)
	at org.testng.internal.MethodInvocationHelper.invokeMethod(MethodInvocationHelper.java:108)
	at org.testng.internal.Invoker.invokeConfigurationMethod(Invoker.java:523)
	at org.testng.internal.Invoker.invokeConfigurations(Invoker.java:224)
	at org.testng.internal.Invoker.invokeConfigurations(Invoker.java:146)
	at org.testng.internal.TestMethodWorker.invokeBeforeClassMethods(TestMethodWorker.java:166)
	at org.testng.internal.TestMethodWorker.run(TestMethodWorker.java:105)
	at org.testng.TestRunner.privateRun(TestRunner.java:744)
	at org.testng.TestRunner.run(TestRunner.java:602)
	at org.testng.SuiteRunner.runTest(SuiteRunner.java:380)
	at org.testng.SuiteRunner.runSequentially(SuiteRunner.java:375)
	at org.testng.SuiteRunner.privateRun(SuiteRunner.java:340)
	at org.testng.SuiteRunner.run(SuiteRunner.java:289)
	at org.testng.SuiteRunnerWorker.runSuite(SuiteRunnerWorker.java:52)
	at org.testng.SuiteRunnerWorker.run(SuiteRunnerWorker.java:86)
	at org.testng.TestNG.runSuitesSequentially(TestNG.java:1301)
	at org.testng.TestNG.runSuitesLocally(TestNG.java:1226)
	at org.testng.TestNG.runSuites(TestNG.java:1144)
	at org.testng.TestNG.run(TestNG.java:1115)
	at org.testng.remote.AbstractRemoteTestNG.run(AbstractRemoteTestNG.java:132)
	at org.testng.remote.RemoteTestNG.initAndRun(RemoteTestNG.java:230)
	at org.testng.remote.RemoteTestNG.main(RemoteTestNG.java:76)
]]>
            </full-stacktrace>
          </exception> <!-- org.testng.SkipException -->
          <reporter-output>
          </reporter-output>
        </test-method> <!-- login_Test2 -->
      </class> <!-- com.companyName.ProjectName.TestCases.Login_Test2 -->
    </test> <!-- Regression Test -->
  </suite> <!-- Regression Testing -->
</testng-results>
